* installing *source* package ‘pagoda2’ ...
** using staged installation
** libs
/usr/local/opt/llvm/bin/clang++ -fopenmp -std=gnu++11 -I"/Library/Frameworks/R.framework/Resources/include" -DNDEBUG  -I'/Library/Frameworks/R.framework/Versions/4.0/Resources/library/Rcpp/include' -I'/Library/Frameworks/R.framework/Versions/4.0/Resources/library/RcppArmadillo/include' -I'/Library/Frameworks/R.framework/Versions/4.0/Resources/library/RcppProgress/include' -I'/Library/Frameworks/R.framework/Versions/4.0/Resources/library/RcppEigen/include' -I'/Library/Frameworks/R.framework/Versions/4.0/Resources/library/RcppSpdlog/include' -isystem "/usr/local/opt/llvm/include" -isysroot "/Library/Developer/CommandLineTools/SDKs/MacOSX.sdk"  -I"./include"   -fPIC  -Wall -g -O2  -c RcppExports.cpp -o RcppExports.o
In file included from RcppExports.cpp:5:
In file included from /Library/Frameworks/R.framework/Versions/4.0/Resources/library/RcppEigen/include/RcppEigen.h:25:
In file included from /Library/Frameworks/R.framework/Versions/4.0/Resources/library/RcppEigen/include/RcppEigenForward.h:30:
In file included from /Library/Frameworks/R.framework/Versions/4.0/Resources/library/RcppEigen/include/Eigen/Dense:1:
In file included from /Library/Frameworks/R.framework/Versions/4.0/Resources/library/RcppEigen/include/Eigen/Core:535:
/Library/Frameworks/R.framework/Versions/4.0/Resources/library/RcppEigen/include/Eigen/src/Core/util/ReenableStupidWarnings.h:10:30: warning: pragma diagnostic pop could not pop, no matching push [-Wunknown-pragmas]
    #pragma clang diagnostic pop
                             ^
In file included from RcppExports.cpp:5:
In file included from /Library/Frameworks/R.framework/Versions/4.0/Resources/library/RcppEigen/include/RcppEigen.h:25:
In file included from /Library/Frameworks/R.framework/Versions/4.0/Resources/library/RcppEigen/include/RcppEigenForward.h:30:
In file included from /Library/Frameworks/R.framework/Versions/4.0/Resources/library/RcppEigen/include/Eigen/Dense:2:
In file included from /Library/Frameworks/R.framework/Versions/4.0/Resources/library/RcppEigen/include/Eigen/LU:47:
/Library/Frameworks/R.framework/Versions/4.0/Resources/library/RcppEigen/include/Eigen/src/Core/util/ReenableStupidWarnings.h:10:30: warning: pragma diagnostic pop could not pop, no matching push [-Wunknown-pragmas]
    #pragma clang diagnostic pop
                             ^
In file included from RcppExports.cpp:5:
In file included from /Library/Frameworks/R.framework/Versions/4.0/Resources/library/RcppEigen/include/RcppEigen.h:25:
In file included from /Library/Frameworks/R.framework/Versions/4.0/Resources/library/RcppEigen/include/RcppEigenForward.h:30:
In file included from /Library/Frameworks/R.framework/Versions/4.0/Resources/library/RcppEigen/include/Eigen/Dense:3:
In file included from /Library/Frameworks/R.framework/Versions/4.0/Resources/library/RcppEigen/include/Eigen/Cholesky:12:
In file included from /Library/Frameworks/R.framework/Versions/4.0/Resources/library/RcppEigen/include/Eigen/Jacobi:29:
/Library/Frameworks/R.framework/Versions/4.0/Resources/library/RcppEigen/include/Eigen/src/Core/util/ReenableStupidWarnings.h:10:30: warning: pragma diagnostic pop could not pop, no matching push [-Wunknown-pragmas]
    #pragma clang diagnostic pop
                             ^
In file included from RcppExports.cpp:5:
In file included from /Library/Frameworks/R.framework/Versions/4.0/Resources/library/RcppEigen/include/RcppEigen.h:25:
In file included from /Library/Frameworks/R.framework/Versions/4.0/Resources/library/RcppEigen/include/RcppEigenForward.h:30:
In file included from /Library/Frameworks/R.framework/Versions/4.0/Resources/library/RcppEigen/include/Eigen/Dense:3:
In file included from /Library/Frameworks/R.framework/Versions/4.0/Resources/library/RcppEigen/include/Eigen/Cholesky:43:
/Library/Frameworks/R.framework/Versions/4.0/Resources/library/RcppEigen/include/Eigen/src/Core/util/ReenableStupidWarnings.h:10:30: warning: pragma diagnostic pop could not pop, no matching push [-Wunknown-pragmas]
    #pragma clang diagnostic pop
                             ^
In file included from RcppExports.cpp:5:
In file included from /Library/Frameworks/R.framework/Versions/4.0/Resources/library/RcppEigen/include/RcppEigen.h:25:
In file included from /Library/Frameworks/R.framework/Versions/4.0/Resources/library/RcppEigen/include/RcppEigenForward.h:30:
In file included from /Library/Frameworks/R.framework/Versions/4.0/Resources/library/RcppEigen/include/Eigen/Dense:4:
In file included from /Library/Frameworks/R.framework/Versions/4.0/Resources/library/RcppEigen/include/Eigen/QR:17:
In file included from /Library/Frameworks/R.framework/Versions/4.0/Resources/library/RcppEigen/include/Eigen/Householder:27:
/Library/Frameworks/R.framework/Versions/4.0/Resources/library/RcppEigen/include/Eigen/src/Core/util/ReenableStupidWarnings.h:10:30: warning: pragma diagnostic pop could not pop, no matching push [-Wunknown-pragmas]
    #pragma clang diagnostic pop
                             ^
In file included from RcppExports.cpp:5:
In file included from /Library/Frameworks/R.framework/Versions/4.0/Resources/library/RcppEigen/include/RcppEigen.h:25:
In file included from /Library/Frameworks/R.framework/Versions/4.0/Resources/library/RcppEigen/include/RcppEigenForward.h:30:
In file included from /Library/Frameworks/R.framework/Versions/4.0/Resources/library/RcppEigen/include/Eigen/Dense:5:
In file included from /Library/Frameworks/R.framework/Versions/4.0/Resources/library/RcppEigen/include/Eigen/SVD:48:
/Library/Frameworks/R.framework/Versions/4.0/Resources/library/RcppEigen/include/Eigen/src/Core/util/ReenableStupidWarnings.h:10:30: warning: pragma diagnostic pop could not pop, no matching push [-Wunknown-pragmas]
    #pragma clang diagnostic pop
                             ^
In file included from RcppExports.cpp:5:
In file included from /Library/Frameworks/R.framework/Versions/4.0/Resources/library/RcppEigen/include/RcppEigen.h:25:
In file included from /Library/Frameworks/R.framework/Versions/4.0/Resources/library/RcppEigen/include/RcppEigenForward.h:30:
In file included from /Library/Frameworks/R.framework/Versions/4.0/Resources/library/RcppEigen/include/Eigen/Dense:6:
In file included from /Library/Frameworks/R.framework/Versions/4.0/Resources/library/RcppEigen/include/Eigen/Geometry:58:
/Library/Frameworks/R.framework/Versions/4.0/Resources/library/RcppEigen/include/Eigen/src/Core/util/ReenableStupidWarnings.h:10:30: warning: pragma diagnostic pop could not pop, no matching push [-Wunknown-pragmas]
    #pragma clang diagnostic pop
                             ^
In file included from RcppExports.cpp:5:
In file included from /Library/Frameworks/R.framework/Versions/4.0/Resources/library/RcppEigen/include/RcppEigen.h:25:
In file included from /Library/Frameworks/R.framework/Versions/4.0/Resources/library/RcppEigen/include/RcppEigenForward.h:30:
In file included from /Library/Frameworks/R.framework/Versions/4.0/Resources/library/RcppEigen/include/Eigen/Dense:7:
In file included from /Library/Frameworks/R.framework/Versions/4.0/Resources/library/RcppEigen/include/Eigen/Eigenvalues:58:
/Library/Frameworks/R.framework/Versions/4.0/Resources/library/RcppEigen/include/Eigen/src/Core/util/ReenableStupidWarnings.h:10:30: warning: pragma diagnostic pop could not pop, no matching push [-Wunknown-pragmas]
    #pragma clang diagnostic pop
                             ^
In file included from RcppExports.cpp:5:
In file included from /Library/Frameworks/R.framework/Versions/4.0/Resources/library/RcppEigen/include/RcppEigen.h:25:
In file included from /Library/Frameworks/R.framework/Versions/4.0/Resources/library/RcppEigen/include/RcppEigenForward.h:31:
In file included from /Library/Frameworks/R.framework/Versions/4.0/Resources/library/RcppEigen/include/Eigen/Sparse:26:
In file included from /Library/Frameworks/R.framework/Versions/4.0/Resources/library/RcppEigen/include/Eigen/SparseCore:66:
/Library/Frameworks/R.framework/Versions/4.0/Resources/library/RcppEigen/include/Eigen/src/Core/util/ReenableStupidWarnings.h:10:30: warning: pragma diagnostic pop could not pop, no matching push [-Wunknown-pragmas]
    #pragma clang diagnostic pop
                             ^
In file included from RcppExports.cpp:5:
In file included from /Library/Frameworks/R.framework/Versions/4.0/Resources/library/RcppEigen/include/RcppEigen.h:25:
In file included from /Library/Frameworks/R.framework/Versions/4.0/Resources/library/RcppEigen/include/RcppEigenForward.h:31:
In file included from /Library/Frameworks/R.framework/Versions/4.0/Resources/library/RcppEigen/include/Eigen/Sparse:27:
In file included from /Library/Frameworks/R.framework/Versions/4.0/Resources/library/RcppEigen/include/Eigen/OrderingMethods:71:
/Library/Frameworks/R.framework/Versions/4.0/Resources/library/RcppEigen/include/Eigen/src/Core/util/ReenableStupidWarnings.h:10:30: warning: pragma diagnostic pop could not pop, no matching push [-Wunknown-pragmas]
    #pragma clang diagnostic pop
                             ^
In file included from RcppExports.cpp:5:
In file included from /Library/Frameworks/R.framework/Versions/4.0/Resources/library/RcppEigen/include/RcppEigen.h:25:
In file included from /Library/Frameworks/R.framework/Versions/4.0/Resources/library/RcppEigen/include/RcppEigenForward.h:31:
In file included from /Library/Frameworks/R.framework/Versions/4.0/Resources/library/RcppEigen/include/Eigen/Sparse:29:
In file included from /Library/Frameworks/R.framework/Versions/4.0/Resources/library/RcppEigen/include/Eigen/SparseCholesky:43:
/Library/Frameworks/R.framework/Versions/4.0/Resources/library/RcppEigen/include/Eigen/src/Core/util/ReenableStupidWarnings.h:10:30: warning: pragma diagnostic pop could not pop, no matching push [-Wunknown-pragmas]
    #pragma clang diagnostic pop
                             ^
In file included from RcppExports.cpp:5:
In file included from /Library/Frameworks/R.framework/Versions/4.0/Resources/library/RcppEigen/include/RcppEigen.h:25:
In file included from /Library/Frameworks/R.framework/Versions/4.0/Resources/library/RcppEigen/include/RcppEigenForward.h:31:
In file included from /Library/Frameworks/R.framework/Versions/4.0/Resources/library/RcppEigen/include/Eigen/Sparse:32:
In file included from /Library/Frameworks/R.framework/Versions/4.0/Resources/library/RcppEigen/include/Eigen/SparseQR:35:
/Library/Frameworks/R.framework/Versions/4.0/Resources/library/RcppEigen/include/Eigen/src/Core/util/ReenableStupidWarnings.h:10:30: warning: pragma diagnostic pop could not pop, no matching push [-Wunknown-pragmas]
    #pragma clang diagnostic pop
                             ^
In file included from RcppExports.cpp:5:
In file included from /Library/Frameworks/R.framework/Versions/4.0/Resources/library/RcppEigen/include/RcppEigen.h:25:
In file included from /Library/Frameworks/R.framework/Versions/4.0/Resources/library/RcppEigen/include/RcppEigenForward.h:31:
In file included from /Library/Frameworks/R.framework/Versions/4.0/Resources/library/RcppEigen/include/Eigen/Sparse:33:
In file included from /Library/Frameworks/R.framework/Versions/4.0/Resources/library/RcppEigen/include/Eigen/IterativeLinearSolvers:46:
/Library/Frameworks/R.framework/Versions/4.0/Resources/library/RcppEigen/include/Eigen/src/Core/util/ReenableStupidWarnings.h:10:30: warning: pragma diagnostic pop could not pop, no matching push [-Wunknown-pragmas]
    #pragma clang diagnostic pop
                             ^
In file included from RcppExports.cpp:5:
In file included from /Library/Frameworks/R.framework/Versions/4.0/Resources/library/RcppEigen/include/RcppEigen.h:25:
In file included from /Library/Frameworks/R.framework/Versions/4.0/Resources/library/RcppEigen/include/RcppEigenForward.h:32:
In file included from /Library/Frameworks/R.framework/Versions/4.0/Resources/library/RcppEigen/include/Eigen/CholmodSupport:45:
/Library/Frameworks/R.framework/Versions/4.0/Resources/library/RcppEigen/include/Eigen/src/Core/util/ReenableStupidWarnings.h:10:30: warning: pragma diagnostic pop could not pop, no matching push [-Wunknown-pragmas]
    #pragma clang diagnostic pop
                             ^
In file included from RcppExports.cpp:5:
In file included from /Library/Frameworks/R.framework/Versions/4.0/Resources/library/RcppEigen/include/RcppEigen.h:25:
In file included from /Library/Frameworks/R.framework/Versions/4.0/Resources/library/RcppEigen/include/RcppEigenForward.h:35:
In file included from /Library/Frameworks/R.framework/Versions/4.0/Resources/library/RcppEigen/include/unsupported/Eigen/KroneckerProduct:34:
/Library/Frameworks/R.framework/Versions/4.0/Resources/library/RcppEigen/include/unsupported/Eigen/../../Eigen/src/Core/util/ReenableStupidWarnings.h:10:30: warning: pragma diagnostic pop could not pop, no matching push [-Wunknown-pragmas]
    #pragma clang diagnostic pop
                             ^
In file included from RcppExports.cpp:5:
In file included from /Library/Frameworks/R.framework/Versions/4.0/Resources/library/RcppEigen/include/RcppEigen.h:25:
In file included from /Library/Frameworks/R.framework/Versions/4.0/Resources/library/RcppEigen/include/RcppEigenForward.h:39:
In file included from /Library/Frameworks/R.framework/Versions/4.0/Resources/library/RcppEigen/include/unsupported/Eigen/Polynomials:135:
/Library/Frameworks/R.framework/Versions/4.0/Resources/library/RcppEigen/include/unsupported/Eigen/../../Eigen/src/Core/util/ReenableStupidWarnings.h:10:30: warning: pragma diagnostic pop could not pop, no matching push [-Wunknown-pragmas]
    #pragma clang diagnostic pop
                             ^
In file included from RcppExports.cpp:5:
In file included from /Library/Frameworks/R.framework/Versions/4.0/Resources/library/RcppEigen/include/RcppEigen.h:25:
In file included from /Library/Frameworks/R.framework/Versions/4.0/Resources/library/RcppEigen/include/RcppEigenForward.h:40:
In file included from /Library/Frameworks/R.framework/Versions/4.0/Resources/library/RcppEigen/include/unsupported/Eigen/SparseExtra:51:
/Library/Frameworks/R.framework/Versions/4.0/Resources/library/RcppEigen/include/unsupported/Eigen/../../Eigen/src/Core/util/ReenableStupidWarnings.h:10:30: warning: pragma diagnostic pop could not pop, no matching push [-Wunknown-pragmas]
    #pragma clang diagnostic pop
                             ^
17 warnings generated.
/usr/local/opt/llvm/bin/clang++ -fopenmp -std=gnu++11 -I"/Library/Frameworks/R.framework/Resources/include" -DNDEBUG  -I'/Library/Frameworks/R.framework/Versions/4.0/Resources/library/Rcpp/include' -I'/Library/Frameworks/R.framework/Versions/4.0/Resources/library/RcppArmadillo/include' -I'/Library/Frameworks/R.framework/Versions/4.0/Resources/library/RcppProgress/include' -I'/Library/Frameworks/R.framework/Versions/4.0/Resources/library/RcppEigen/include' -I'/Library/Frameworks/R.framework/Versions/4.0/Resources/library/RcppSpdlog/include' -isystem "/usr/local/opt/llvm/include" -isysroot "/Library/Developer/CommandLineTools/SDKs/MacOSX.sdk"  -I"./include"   -fPIC  -Wall -g -O2  -c binaryExport.cpp -o binaryExport.o
/usr/local/opt/llvm/bin/clang++ -fopenmp -std=gnu++11 -I"/Library/Frameworks/R.framework/Resources/include" -DNDEBUG  -I'/Library/Frameworks/R.framework/Versions/4.0/Resources/library/Rcpp/include' -I'/Library/Frameworks/R.framework/Versions/4.0/Resources/library/RcppArmadillo/include' -I'/Library/Frameworks/R.framework/Versions/4.0/Resources/library/RcppProgress/include' -I'/Library/Frameworks/R.framework/Versions/4.0/Resources/library/RcppEigen/include' -I'/Library/Frameworks/R.framework/Versions/4.0/Resources/library/RcppSpdlog/include' -isystem "/usr/local/opt/llvm/include" -isysroot "/Library/Developer/CommandLineTools/SDKs/MacOSX.sdk"  -I"./include"   -fPIC  -Wall -g -O2  -c checkfunctions.cpp -o checkfunctions.o
In file included from checkfunctions.cpp:2:
In file included from ./include/largeVis.h:7:
In file included from /Library/Frameworks/R.framework/Versions/4.0/Resources/library/RcppEigen/include/RcppEigen.h:25:
In file included from /Library/Frameworks/R.framework/Versions/4.0/Resources/library/RcppEigen/include/RcppEigenForward.h:30:
In file included from /Library/Frameworks/R.framework/Versions/4.0/Resources/library/RcppEigen/include/Eigen/Dense:1:
In file included from /Library/Frameworks/R.framework/Versions/4.0/Resources/library/RcppEigen/include/Eigen/Core:535:
/Library/Frameworks/R.framework/Versions/4.0/Resources/library/RcppEigen/include/Eigen/src/Core/util/ReenableStupidWarnings.h:10:30: warning: pragma diagnostic pop could not pop, no matching push [-Wunknown-pragmas]
    #pragma clang diagnostic pop
                             ^
In file included from checkfunctions.cpp:2:
In file included from ./include/largeVis.h:7:
In file included from /Library/Frameworks/R.framework/Versions/4.0/Resources/library/RcppEigen/include/RcppEigen.h:25:
In file included from /Library/Frameworks/R.framework/Versions/4.0/Resources/library/RcppEigen/include/RcppEigenForward.h:30:
In file included from /Library/Frameworks/R.framework/Versions/4.0/Resources/library/RcppEigen/include/Eigen/Dense:2:
In file included from /Library/Frameworks/R.framework/Versions/4.0/Resources/library/RcppEigen/include/Eigen/LU:47:
/Library/Frameworks/R.framework/Versions/4.0/Resources/library/RcppEigen/include/Eigen/src/Core/util/ReenableStupidWarnings.h:10:30: warning: pragma diagnostic pop could not pop, no matching push [-Wunknown-pragmas]
    #pragma clang diagnostic pop
                             ^
In file included from checkfunctions.cpp:2:
In file included from ./include/largeVis.h:7:
In file included from /Library/Frameworks/R.framework/Versions/4.0/Resources/library/RcppEigen/include/RcppEigen.h:25:
In file included from /Library/Frameworks/R.framework/Versions/4.0/Resources/library/RcppEigen/include/RcppEigenForward.h:30:
In file included from /Library/Frameworks/R.framework/Versions/4.0/Resources/library/RcppEigen/include/Eigen/Dense:3:
In file included from /Library/Frameworks/R.framework/Versions/4.0/Resources/library/RcppEigen/include/Eigen/Cholesky:12:
In file included from /Library/Frameworks/R.framework/Versions/4.0/Resources/library/RcppEigen/include/Eigen/Jacobi:29:
/Library/Frameworks/R.framework/Versions/4.0/Resources/library/RcppEigen/include/Eigen/src/Core/util/ReenableStupidWarnings.h:10:30: warning: pragma diagnostic pop could not pop, no matching push [-Wunknown-pragmas]
    #pragma clang diagnostic pop
                             ^
In file included from checkfunctions.cpp:2:
In file included from ./include/largeVis.h:7:
In file included from /Library/Frameworks/R.framework/Versions/4.0/Resources/library/RcppEigen/include/RcppEigen.h:25:
In file included from /Library/Frameworks/R.framework/Versions/4.0/Resources/library/RcppEigen/include/RcppEigenForward.h:30:
In file included from /Library/Frameworks/R.framework/Versions/4.0/Resources/library/RcppEigen/include/Eigen/Dense:3:
In file included from /Library/Frameworks/R.framework/Versions/4.0/Resources/library/RcppEigen/include/Eigen/Cholesky:43:
/Library/Frameworks/R.framework/Versions/4.0/Resources/library/RcppEigen/include/Eigen/src/Core/util/ReenableStupidWarnings.h:10:30: warning: pragma diagnostic pop could not pop, no matching push [-Wunknown-pragmas]
    #pragma clang diagnostic pop
                             ^
In file included from checkfunctions.cpp:2:
In file included from ./include/largeVis.h:7:
In file included from /Library/Frameworks/R.framework/Versions/4.0/Resources/library/RcppEigen/include/RcppEigen.h:25:
In file included from /Library/Frameworks/R.framework/Versions/4.0/Resources/library/RcppEigen/include/RcppEigenForward.h:30:
In file included from /Library/Frameworks/R.framework/Versions/4.0/Resources/library/RcppEigen/include/Eigen/Dense:4:
In file included from /Library/Frameworks/R.framework/Versions/4.0/Resources/library/RcppEigen/include/Eigen/QR:17:
In file included from /Library/Frameworks/R.framework/Versions/4.0/Resources/library/RcppEigen/include/Eigen/Householder:27:
/Library/Frameworks/R.framework/Versions/4.0/Resources/library/RcppEigen/include/Eigen/src/Core/util/ReenableStupidWarnings.h:10:30: warning: pragma diagnostic pop could not pop, no matching push [-Wunknown-pragmas]
    #pragma clang diagnostic pop
                             ^
In file included from checkfunctions.cpp:2:
In file included from ./include/largeVis.h:7:
In file included from /Library/Frameworks/R.framework/Versions/4.0/Resources/library/RcppEigen/include/RcppEigen.h:25:
In file included from /Library/Frameworks/R.framework/Versions/4.0/Resources/library/RcppEigen/include/RcppEigenForward.h:30:
In file included from /Library/Frameworks/R.framework/Versions/4.0/Resources/library/RcppEigen/include/Eigen/Dense:5:
In file included from /Library/Frameworks/R.framework/Versions/4.0/Resources/library/RcppEigen/include/Eigen/SVD:48:
/Library/Frameworks/R.framework/Versions/4.0/Resources/library/RcppEigen/include/Eigen/src/Core/util/ReenableStupidWarnings.h:10:30: warning: pragma diagnostic pop could not pop, no matching push [-Wunknown-pragmas]
    #pragma clang diagnostic pop
                             ^
In file included from checkfunctions.cpp:2:
In file included from ./include/largeVis.h:7:
In file included from /Library/Frameworks/R.framework/Versions/4.0/Resources/library/RcppEigen/include/RcppEigen.h:25:
In file included from /Library/Frameworks/R.framework/Versions/4.0/Resources/library/RcppEigen/include/RcppEigenForward.h:30:
In file included from /Library/Frameworks/R.framework/Versions/4.0/Resources/library/RcppEigen/include/Eigen/Dense:6:
In file included from /Library/Frameworks/R.framework/Versions/4.0/Resources/library/RcppEigen/include/Eigen/Geometry:58:
/Library/Frameworks/R.framework/Versions/4.0/Resources/library/RcppEigen/include/Eigen/src/Core/util/ReenableStupidWarnings.h:10:30: warning: pragma diagnostic pop could not pop, no matching push [-Wunknown-pragmas]
    #pragma clang diagnostic pop
                             ^
In file included from checkfunctions.cpp:2:
In file included from ./include/largeVis.h:7:
In file included from /Library/Frameworks/R.framework/Versions/4.0/Resources/library/RcppEigen/include/RcppEigen.h:25:
In file included from /Library/Frameworks/R.framework/Versions/4.0/Resources/library/RcppEigen/include/RcppEigenForward.h:30:
In file included from /Library/Frameworks/R.framework/Versions/4.0/Resources/library/RcppEigen/include/Eigen/Dense:7:
In file included from /Library/Frameworks/R.framework/Versions/4.0/Resources/library/RcppEigen/include/Eigen/Eigenvalues:58:
/Library/Frameworks/R.framework/Versions/4.0/Resources/library/RcppEigen/include/Eigen/src/Core/util/ReenableStupidWarnings.h:10:30: warning: pragma diagnostic pop could not pop, no matching push [-Wunknown-pragmas]
    #pragma clang diagnostic pop
                             ^
In file included from checkfunctions.cpp:2:
In file included from ./include/largeVis.h:7:
In file included from /Library/Frameworks/R.framework/Versions/4.0/Resources/library/RcppEigen/include/RcppEigen.h:25:
In file included from /Library/Frameworks/R.framework/Versions/4.0/Resources/library/RcppEigen/include/RcppEigenForward.h:31:
In file included from /Library/Frameworks/R.framework/Versions/4.0/Resources/library/RcppEigen/include/Eigen/Sparse:26:
In file included from /Library/Frameworks/R.framework/Versions/4.0/Resources/library/RcppEigen/include/Eigen/SparseCore:66:
/Library/Frameworks/R.framework/Versions/4.0/Resources/library/RcppEigen/include/Eigen/src/Core/util/ReenableStupidWarnings.h:10:30: warning: pragma diagnostic pop could not pop, no matching push [-Wunknown-pragmas]
    #pragma clang diagnostic pop
                             ^
In file included from checkfunctions.cpp:2:
In file included from ./include/largeVis.h:7:
In file included from /Library/Frameworks/R.framework/Versions/4.0/Resources/library/RcppEigen/include/RcppEigen.h:25:
In file included from /Library/Frameworks/R.framework/Versions/4.0/Resources/library/RcppEigen/include/RcppEigenForward.h:31:
In file included from /Library/Frameworks/R.framework/Versions/4.0/Resources/library/RcppEigen/include/Eigen/Sparse:27:
In file included from /Library/Frameworks/R.framework/Versions/4.0/Resources/library/RcppEigen/include/Eigen/OrderingMethods:71:
/Library/Frameworks/R.framework/Versions/4.0/Resources/library/RcppEigen/include/Eigen/src/Core/util/ReenableStupidWarnings.h:10:30: warning: pragma diagnostic pop could not pop, no matching push [-Wunknown-pragmas]
    #pragma clang diagnostic pop
                             ^
In file included from checkfunctions.cpp:2:
In file included from ./include/largeVis.h:7:
In file included from /Library/Frameworks/R.framework/Versions/4.0/Resources/library/RcppEigen/include/RcppEigen.h:25:
In file included from /Library/Frameworks/R.framework/Versions/4.0/Resources/library/RcppEigen/include/RcppEigenForward.h:31:
In file included from /Library/Frameworks/R.framework/Versions/4.0/Resources/library/RcppEigen/include/Eigen/Sparse:29:
In file included from /Library/Frameworks/R.framework/Versions/4.0/Resources/library/RcppEigen/include/Eigen/SparseCholesky:43:
/Library/Frameworks/R.framework/Versions/4.0/Resources/library/RcppEigen/include/Eigen/src/Core/util/ReenableStupidWarnings.h:10:30: warning: pragma diagnostic pop could not pop, no matching push [-Wunknown-pragmas]
    #pragma clang diagnostic pop
                             ^
In file included from checkfunctions.cpp:2:
In file included from ./include/largeVis.h:7:
In file included from /Library/Frameworks/R.framework/Versions/4.0/Resources/library/RcppEigen/include/RcppEigen.h:25:
In file included from /Library/Frameworks/R.framework/Versions/4.0/Resources/library/RcppEigen/include/RcppEigenForward.h:31:
In file included from /Library/Frameworks/R.framework/Versions/4.0/Resources/library/RcppEigen/include/Eigen/Sparse:32:
In file included from /Library/Frameworks/R.framework/Versions/4.0/Resources/library/RcppEigen/include/Eigen/SparseQR:35:
/Library/Frameworks/R.framework/Versions/4.0/Resources/library/RcppEigen/include/Eigen/src/Core/util/ReenableStupidWarnings.h:10:30: warning: pragma diagnostic pop could not pop, no matching push [-Wunknown-pragmas]
    #pragma clang diagnostic pop
                             ^
In file included from checkfunctions.cpp:2:
In file included from ./include/largeVis.h:7:
In file included from /Library/Frameworks/R.framework/Versions/4.0/Resources/library/RcppEigen/include/RcppEigen.h:25:
In file included from /Library/Frameworks/R.framework/Versions/4.0/Resources/library/RcppEigen/include/RcppEigenForward.h:31:
In file included from /Library/Frameworks/R.framework/Versions/4.0/Resources/library/RcppEigen/include/Eigen/Sparse:33:
In file included from /Library/Frameworks/R.framework/Versions/4.0/Resources/library/RcppEigen/include/Eigen/IterativeLinearSolvers:46:
/Library/Frameworks/R.framework/Versions/4.0/Resources/library/RcppEigen/include/Eigen/src/Core/util/ReenableStupidWarnings.h:10:30: warning: pragma diagnostic pop could not pop, no matching push [-Wunknown-pragmas]
    #pragma clang diagnostic pop
                             ^
In file included from checkfunctions.cpp:2:
In file included from ./include/largeVis.h:7:
In file included from /Library/Frameworks/R.framework/Versions/4.0/Resources/library/RcppEigen/include/RcppEigen.h:25:
In file included from /Library/Frameworks/R.framework/Versions/4.0/Resources/library/RcppEigen/include/RcppEigenForward.h:32:
In file included from /Library/Frameworks/R.framework/Versions/4.0/Resources/library/RcppEigen/include/Eigen/CholmodSupport:45:
/Library/Frameworks/R.framework/Versions/4.0/Resources/library/RcppEigen/include/Eigen/src/Core/util/ReenableStupidWarnings.h:10:30: warning: pragma diagnostic pop could not pop, no matching push [-Wunknown-pragmas]
    #pragma clang diagnostic pop
                             ^
In file included from checkfunctions.cpp:2:
In file included from ./include/largeVis.h:7:
In file included from /Library/Frameworks/R.framework/Versions/4.0/Resources/library/RcppEigen/include/RcppEigen.h:25:
In file included from /Library/Frameworks/R.framework/Versions/4.0/Resources/library/RcppEigen/include/RcppEigenForward.h:35:
In file included from /Library/Frameworks/R.framework/Versions/4.0/Resources/library/RcppEigen/include/unsupported/Eigen/KroneckerProduct:34:
/Library/Frameworks/R.framework/Versions/4.0/Resources/library/RcppEigen/include/unsupported/Eigen/../../Eigen/src/Core/util/ReenableStupidWarnings.h:10:30: warning: pragma diagnostic pop could not pop, no matching push [-Wunknown-pragmas]
    #pragma clang diagnostic pop
                             ^
In file included from checkfunctions.cpp:2:
In file included from ./include/largeVis.h:7:
In file included from /Library/Frameworks/R.framework/Versions/4.0/Resources/library/RcppEigen/include/RcppEigen.h:25:
In file included from /Library/Frameworks/R.framework/Versions/4.0/Resources/library/RcppEigen/include/RcppEigenForward.h:39:
In file included from /Library/Frameworks/R.framework/Versions/4.0/Resources/library/RcppEigen/include/unsupported/Eigen/Polynomials:135:
/Library/Frameworks/R.framework/Versions/4.0/Resources/library/RcppEigen/include/unsupported/Eigen/../../Eigen/src/Core/util/ReenableStupidWarnings.h:10:30: warning: pragma diagnostic pop could not pop, no matching push [-Wunknown-pragmas]
    #pragma clang diagnostic pop
                             ^
In file included from checkfunctions.cpp:2:
In file included from ./include/largeVis.h:7:
In file included from /Library/Frameworks/R.framework/Versions/4.0/Resources/library/RcppEigen/include/RcppEigen.h:25:
In file included from /Library/Frameworks/R.framework/Versions/4.0/Resources/library/RcppEigen/include/RcppEigenForward.h:40:
In file included from /Library/Frameworks/R.framework/Versions/4.0/Resources/library/RcppEigen/include/unsupported/Eigen/SparseExtra:51:
/Library/Frameworks/R.framework/Versions/4.0/Resources/library/RcppEigen/include/unsupported/Eigen/../../Eigen/src/Core/util/ReenableStupidWarnings.h:10:30: warning: pragma diagnostic pop could not pop, no matching push [-Wunknown-pragmas]
    #pragma clang diagnostic pop
                             ^
17 warnings generated.
/usr/local/opt/llvm/bin/clang++ -fopenmp -std=gnu++11 -I"/Library/Frameworks/R.framework/Resources/include" -DNDEBUG  -I'/Library/Frameworks/R.framework/Versions/4.0/Resources/library/Rcpp/include' -I'/Library/Frameworks/R.framework/Versions/4.0/Resources/library/RcppArmadillo/include' -I'/Library/Frameworks/R.framework/Versions/4.0/Resources/library/RcppProgress/include' -I'/Library/Frameworks/R.framework/Versions/4.0/Resources/library/RcppEigen/include' -I'/Library/Frameworks/R.framework/Versions/4.0/Resources/library/RcppSpdlog/include' -isystem "/usr/local/opt/llvm/include" -isysroot "/Library/Developer/CommandLineTools/SDKs/MacOSX.sdk"  -I"./include"   -fPIC  -Wall -g -O2  -c edgeweights.cpp -o edgeweights.o
In file included from edgeweights.cpp:5:
In file included from ./include/largeVis.h:7:
In file included from /Library/Frameworks/R.framework/Versions/4.0/Resources/library/RcppEigen/include/RcppEigen.h:25:
In file included from /Library/Frameworks/R.framework/Versions/4.0/Resources/library/RcppEigen/include/RcppEigenForward.h:30:
In file included from /Library/Frameworks/R.framework/Versions/4.0/Resources/library/RcppEigen/include/Eigen/Dense:1:
In file included from /Library/Frameworks/R.framework/Versions/4.0/Resources/library/RcppEigen/include/Eigen/Core:535:
/Library/Frameworks/R.framework/Versions/4.0/Resources/library/RcppEigen/include/Eigen/src/Core/util/ReenableStupidWarnings.h:10:30: warning: pragma diagnostic pop could not pop, no matching push [-Wunknown-pragmas]
    #pragma clang diagnostic pop
                             ^
In file included from edgeweights.cpp:5:
In file included from ./include/largeVis.h:7:
In file included from /Library/Frameworks/R.framework/Versions/4.0/Resources/library/RcppEigen/include/RcppEigen.h:25:
In file included from /Library/Frameworks/R.framework/Versions/4.0/Resources/library/RcppEigen/include/RcppEigenForward.h:30:
In file included from /Library/Frameworks/R.framework/Versions/4.0/Resources/library/RcppEigen/include/Eigen/Dense:2:
In file included from /Library/Frameworks/R.framework/Versions/4.0/Resources/library/RcppEigen/include/Eigen/LU:47:
/Library/Frameworks/R.framework/Versions/4.0/Resources/library/RcppEigen/include/Eigen/src/Core/util/ReenableStupidWarnings.h:10:30: warning: pragma diagnostic pop could not pop, no matching push [-Wunknown-pragmas]
    #pragma clang diagnostic pop
                             ^
In file included from edgeweights.cpp:5:
In file included from ./include/largeVis.h:7:
In file included from /Library/Frameworks/R.framework/Versions/4.0/Resources/library/RcppEigen/include/RcppEigen.h:25:
In file included from /Library/Frameworks/R.framework/Versions/4.0/Resources/library/RcppEigen/include/RcppEigenForward.h:30:
In file included from /Library/Frameworks/R.framework/Versions/4.0/Resources/library/RcppEigen/include/Eigen/Dense:3:
In file included from /Library/Frameworks/R.framework/Versions/4.0/Resources/library/RcppEigen/include/Eigen/Cholesky:12:
In file included from /Library/Frameworks/R.framework/Versions/4.0/Resources/library/RcppEigen/include/Eigen/Jacobi:29:
/Library/Frameworks/R.framework/Versions/4.0/Resources/library/RcppEigen/include/Eigen/src/Core/util/ReenableStupidWarnings.h:10:30: warning: pragma diagnostic pop could not pop, no matching push [-Wunknown-pragmas]
    #pragma clang diagnostic pop
                             ^
In file included from edgeweights.cpp:5:
In file included from ./include/largeVis.h:7:
In file included from /Library/Frameworks/R.framework/Versions/4.0/Resources/library/RcppEigen/include/RcppEigen.h:25:
In file included from /Library/Frameworks/R.framework/Versions/4.0/Resources/library/RcppEigen/include/RcppEigenForward.h:30:
In file included from /Library/Frameworks/R.framework/Versions/4.0/Resources/library/RcppEigen/include/Eigen/Dense:3:
In file included from /Library/Frameworks/R.framework/Versions/4.0/Resources/library/RcppEigen/include/Eigen/Cholesky:43:
/Library/Frameworks/R.framework/Versions/4.0/Resources/library/RcppEigen/include/Eigen/src/Core/util/ReenableStupidWarnings.h:10:30: warning: pragma diagnostic pop could not pop, no matching push [-Wunknown-pragmas]
    #pragma clang diagnostic pop
                             ^
In file included from edgeweights.cpp:5:
In file included from ./include/largeVis.h:7:
In file included from /Library/Frameworks/R.framework/Versions/4.0/Resources/library/RcppEigen/include/RcppEigen.h:25:
In file included from /Library/Frameworks/R.framework/Versions/4.0/Resources/library/RcppEigen/include/RcppEigenForward.h:30:
In file included from /Library/Frameworks/R.framework/Versions/4.0/Resources/library/RcppEigen/include/Eigen/Dense:4:
In file included from /Library/Frameworks/R.framework/Versions/4.0/Resources/library/RcppEigen/include/Eigen/QR:17:
In file included from /Library/Frameworks/R.framework/Versions/4.0/Resources/library/RcppEigen/include/Eigen/Householder:27:
/Library/Frameworks/R.framework/Versions/4.0/Resources/library/RcppEigen/include/Eigen/src/Core/util/ReenableStupidWarnings.h:10:30: warning: pragma diagnostic pop could not pop, no matching push [-Wunknown-pragmas]
    #pragma clang diagnostic pop
                             ^
In file included from edgeweights.cpp:5:
In file included from ./include/largeVis.h:7:
In file included from /Library/Frameworks/R.framework/Versions/4.0/Resources/library/RcppEigen/include/RcppEigen.h:25:
In file included from /Library/Frameworks/R.framework/Versions/4.0/Resources/library/RcppEigen/include/RcppEigenForward.h:30:
In file included from /Library/Frameworks/R.framework/Versions/4.0/Resources/library/RcppEigen/include/Eigen/Dense:5:
In file included from /Library/Frameworks/R.framework/Versions/4.0/Resources/library/RcppEigen/include/Eigen/SVD:48:
/Library/Frameworks/R.framework/Versions/4.0/Resources/library/RcppEigen/include/Eigen/src/Core/util/ReenableStupidWarnings.h:10:30: warning: pragma diagnostic pop could not pop, no matching push [-Wunknown-pragmas]
    #pragma clang diagnostic pop
                             ^
In file included from edgeweights.cpp:5:
In file included from ./include/largeVis.h:7:
In file included from /Library/Frameworks/R.framework/Versions/4.0/Resources/library/RcppEigen/include/RcppEigen.h:25:
In file included from /Library/Frameworks/R.framework/Versions/4.0/Resources/library/RcppEigen/include/RcppEigenForward.h:30:
In file included from /Library/Frameworks/R.framework/Versions/4.0/Resources/library/RcppEigen/include/Eigen/Dense:6:
In file included from /Library/Frameworks/R.framework/Versions/4.0/Resources/library/RcppEigen/include/Eigen/Geometry:58:
/Library/Frameworks/R.framework/Versions/4.0/Resources/library/RcppEigen/include/Eigen/src/Core/util/ReenableStupidWarnings.h:10:30: warning: pragma diagnostic pop could not pop, no matching push [-Wunknown-pragmas]
    #pragma clang diagnostic pop
                             ^
In file included from edgeweights.cpp:5:
In file included from ./include/largeVis.h:7:
In file included from /Library/Frameworks/R.framework/Versions/4.0/Resources/library/RcppEigen/include/RcppEigen.h:25:
In file included from /Library/Frameworks/R.framework/Versions/4.0/Resources/library/RcppEigen/include/RcppEigenForward.h:30:
In file included from /Library/Frameworks/R.framework/Versions/4.0/Resources/library/RcppEigen/include/Eigen/Dense:7:
In file included from /Library/Frameworks/R.framework/Versions/4.0/Resources/library/RcppEigen/include/Eigen/Eigenvalues:58:
/Library/Frameworks/R.framework/Versions/4.0/Resources/library/RcppEigen/include/Eigen/src/Core/util/ReenableStupidWarnings.h:10:30: warning: pragma diagnostic pop could not pop, no matching push [-Wunknown-pragmas]
    #pragma clang diagnostic pop
                             ^
In file included from edgeweights.cpp:5:
In file included from ./include/largeVis.h:7:
In file included from /Library/Frameworks/R.framework/Versions/4.0/Resources/library/RcppEigen/include/RcppEigen.h:25:
In file included from /Library/Frameworks/R.framework/Versions/4.0/Resources/library/RcppEigen/include/RcppEigenForward.h:31:
In file included from /Library/Frameworks/R.framework/Versions/4.0/Resources/library/RcppEigen/include/Eigen/Sparse:26:
In file included from /Library/Frameworks/R.framework/Versions/4.0/Resources/library/RcppEigen/include/Eigen/SparseCore:66:
/Library/Frameworks/R.framework/Versions/4.0/Resources/library/RcppEigen/include/Eigen/src/Core/util/ReenableStupidWarnings.h:10:30: warning: pragma diagnostic pop could not pop, no matching push [-Wunknown-pragmas]
    #pragma clang diagnostic pop
                             ^
In file included from edgeweights.cpp:5:
In file included from ./include/largeVis.h:7:
In file included from /Library/Frameworks/R.framework/Versions/4.0/Resources/library/RcppEigen/include/RcppEigen.h:25:
In file included from /Library/Frameworks/R.framework/Versions/4.0/Resources/library/RcppEigen/include/RcppEigenForward.h:31:
In file included from /Library/Frameworks/R.framework/Versions/4.0/Resources/library/RcppEigen/include/Eigen/Sparse:27:
In file included from /Library/Frameworks/R.framework/Versions/4.0/Resources/library/RcppEigen/include/Eigen/OrderingMethods:71:
/Library/Frameworks/R.framework/Versions/4.0/Resources/library/RcppEigen/include/Eigen/src/Core/util/ReenableStupidWarnings.h:10:30: warning: pragma diagnostic pop could not pop, no matching push [-Wunknown-pragmas]
    #pragma clang diagnostic pop
                             ^
In file included from edgeweights.cpp:5:
In file included from ./include/largeVis.h:7:
In file included from /Library/Frameworks/R.framework/Versions/4.0/Resources/library/RcppEigen/include/RcppEigen.h:25:
In file included from /Library/Frameworks/R.framework/Versions/4.0/Resources/library/RcppEigen/include/RcppEigenForward.h:31:
In file included from /Library/Frameworks/R.framework/Versions/4.0/Resources/library/RcppEigen/include/Eigen/Sparse:29:
In file included from /Library/Frameworks/R.framework/Versions/4.0/Resources/library/RcppEigen/include/Eigen/SparseCholesky:43:
/Library/Frameworks/R.framework/Versions/4.0/Resources/library/RcppEigen/include/Eigen/src/Core/util/ReenableStupidWarnings.h:10:30: warning: pragma diagnostic pop could not pop, no matching push [-Wunknown-pragmas]
    #pragma clang diagnostic pop
                             ^
In file included from edgeweights.cpp:5:
In file included from ./include/largeVis.h:7:
In file included from /Library/Frameworks/R.framework/Versions/4.0/Resources/library/RcppEigen/include/RcppEigen.h:25:
In file included from /Library/Frameworks/R.framework/Versions/4.0/Resources/library/RcppEigen/include/RcppEigenForward.h:31:
In file included from /Library/Frameworks/R.framework/Versions/4.0/Resources/library/RcppEigen/include/Eigen/Sparse:32:
In file included from /Library/Frameworks/R.framework/Versions/4.0/Resources/library/RcppEigen/include/Eigen/SparseQR:35:
/Library/Frameworks/R.framework/Versions/4.0/Resources/library/RcppEigen/include/Eigen/src/Core/util/ReenableStupidWarnings.h:10:30: warning: pragma diagnostic pop could not pop, no matching push [-Wunknown-pragmas]
    #pragma clang diagnostic pop
                             ^
In file included from edgeweights.cpp:5:
In file included from ./include/largeVis.h:7:
In file included from /Library/Frameworks/R.framework/Versions/4.0/Resources/library/RcppEigen/include/RcppEigen.h:25:
In file included from /Library/Frameworks/R.framework/Versions/4.0/Resources/library/RcppEigen/include/RcppEigenForward.h:31:
In file included from /Library/Frameworks/R.framework/Versions/4.0/Resources/library/RcppEigen/include/Eigen/Sparse:33:
In file included from /Library/Frameworks/R.framework/Versions/4.0/Resources/library/RcppEigen/include/Eigen/IterativeLinearSolvers:46:
/Library/Frameworks/R.framework/Versions/4.0/Resources/library/RcppEigen/include/Eigen/src/Core/util/ReenableStupidWarnings.h:10:30: warning: pragma diagnostic pop could not pop, no matching push [-Wunknown-pragmas]
    #pragma clang diagnostic pop
                             ^
In file included from edgeweights.cpp:5:
In file included from ./include/largeVis.h:7:
In file included from /Library/Frameworks/R.framework/Versions/4.0/Resources/library/RcppEigen/include/RcppEigen.h:25:
In file included from /Library/Frameworks/R.framework/Versions/4.0/Resources/library/RcppEigen/include/RcppEigenForward.h:32:
In file included from /Library/Frameworks/R.framework/Versions/4.0/Resources/library/RcppEigen/include/Eigen/CholmodSupport:45:
/Library/Frameworks/R.framework/Versions/4.0/Resources/library/RcppEigen/include/Eigen/src/Core/util/ReenableStupidWarnings.h:10:30: warning: pragma diagnostic pop could not pop, no matching push [-Wunknown-pragmas]
    #pragma clang diagnostic pop
                             ^
In file included from edgeweights.cpp:5:
In file included from ./include/largeVis.h:7:
In file included from /Library/Frameworks/R.framework/Versions/4.0/Resources/library/RcppEigen/include/RcppEigen.h:25:
In file included from /Library/Frameworks/R.framework/Versions/4.0/Resources/library/RcppEigen/include/RcppEigenForward.h:35:
In file included from /Library/Frameworks/R.framework/Versions/4.0/Resources/library/RcppEigen/include/unsupported/Eigen/KroneckerProduct:34:
/Library/Frameworks/R.framework/Versions/4.0/Resources/library/RcppEigen/include/unsupported/Eigen/../../Eigen/src/Core/util/ReenableStupidWarnings.h:10:30: warning: pragma diagnostic pop could not pop, no matching push [-Wunknown-pragmas]
    #pragma clang diagnostic pop
                             ^
In file included from edgeweights.cpp:5:
In file included from ./include/largeVis.h:7:
In file included from /Library/Frameworks/R.framework/Versions/4.0/Resources/library/RcppEigen/include/RcppEigen.h:25:
In file included from /Library/Frameworks/R.framework/Versions/4.0/Resources/library/RcppEigen/include/RcppEigenForward.h:39:
In file included from /Library/Frameworks/R.framework/Versions/4.0/Resources/library/RcppEigen/include/unsupported/Eigen/Polynomials:135:
/Library/Frameworks/R.framework/Versions/4.0/Resources/library/RcppEigen/include/unsupported/Eigen/../../Eigen/src/Core/util/ReenableStupidWarnings.h:10:30: warning: pragma diagnostic pop could not pop, no matching push [-Wunknown-pragmas]
    #pragma clang diagnostic pop
                             ^
In file included from edgeweights.cpp:5:
In file included from ./include/largeVis.h:7:
In file included from /Library/Frameworks/R.framework/Versions/4.0/Resources/library/RcppEigen/include/RcppEigen.h:25:
In file included from /Library/Frameworks/R.framework/Versions/4.0/Resources/library/RcppEigen/include/RcppEigenForward.h:40:
In file included from /Library/Frameworks/R.framework/Versions/4.0/Resources/library/RcppEigen/include/unsupported/Eigen/SparseExtra:51:
/Library/Frameworks/R.framework/Versions/4.0/Resources/library/RcppEigen/include/unsupported/Eigen/../../Eigen/src/Core/util/ReenableStupidWarnings.h:10:30: warning: pragma diagnostic pop could not pop, no matching push [-Wunknown-pragmas]
    #pragma clang diagnostic pop
                             ^
17 warnings generated.
/usr/local/opt/llvm/bin/clang++ -fopenmp -std=gnu++11 -I"/Library/Frameworks/R.framework/Resources/include" -DNDEBUG  -I'/Library/Frameworks/R.framework/Versions/4.0/Resources/library/Rcpp/include' -I'/Library/Frameworks/R.framework/Versions/4.0/Resources/library/RcppArmadillo/include' -I'/Library/Frameworks/R.framework/Versions/4.0/Resources/library/RcppProgress/include' -I'/Library/Frameworks/R.framework/Versions/4.0/Resources/library/RcppEigen/include' -I'/Library/Frameworks/R.framework/Versions/4.0/Resources/library/RcppSpdlog/include' -isystem "/usr/local/opt/llvm/include" -isysroot "/Library/Developer/CommandLineTools/SDKs/MacOSX.sdk"  -I"./include"   -fPIC  -Wall -g -O2  -c gradients.cpp -o gradients.o
In file included from gradients.cpp:3:
In file included from ./include/largeVis.h:7:
In file included from /Library/Frameworks/R.framework/Versions/4.0/Resources/library/RcppEigen/include/RcppEigen.h:25:
In file included from /Library/Frameworks/R.framework/Versions/4.0/Resources/library/RcppEigen/include/RcppEigenForward.h:30:
In file included from /Library/Frameworks/R.framework/Versions/4.0/Resources/library/RcppEigen/include/Eigen/Dense:1:
In file included from /Library/Frameworks/R.framework/Versions/4.0/Resources/library/RcppEigen/include/Eigen/Core:535:
/Library/Frameworks/R.framework/Versions/4.0/Resources/library/RcppEigen/include/Eigen/src/Core/util/ReenableStupidWarnings.h:10:30: warning: pragma diagnostic pop could not pop, no matching push [-Wunknown-pragmas]
    #pragma clang diagnostic pop
                             ^
In file included from gradients.cpp:3:
In file included from ./include/largeVis.h:7:
In file included from /Library/Frameworks/R.framework/Versions/4.0/Resources/library/RcppEigen/include/RcppEigen.h:25:
In file included from /Library/Frameworks/R.framework/Versions/4.0/Resources/library/RcppEigen/include/RcppEigenForward.h:30:
In file included from /Library/Frameworks/R.framework/Versions/4.0/Resources/library/RcppEigen/include/Eigen/Dense:2:
In file included from /Library/Frameworks/R.framework/Versions/4.0/Resources/library/RcppEigen/include/Eigen/LU:47:
/Library/Frameworks/R.framework/Versions/4.0/Resources/library/RcppEigen/include/Eigen/src/Core/util/ReenableStupidWarnings.h:10:30: warning: pragma diagnostic pop could not pop, no matching push [-Wunknown-pragmas]
    #pragma clang diagnostic pop
                             ^
In file included from gradients.cpp:3:
In file included from ./include/largeVis.h:7:
In file included from /Library/Frameworks/R.framework/Versions/4.0/Resources/library/RcppEigen/include/RcppEigen.h:25:
In file included from /Library/Frameworks/R.framework/Versions/4.0/Resources/library/RcppEigen/include/RcppEigenForward.h:30:
In file included from /Library/Frameworks/R.framework/Versions/4.0/Resources/library/RcppEigen/include/Eigen/Dense:3:
In file included from /Library/Frameworks/R.framework/Versions/4.0/Resources/library/RcppEigen/include/Eigen/Cholesky:12:
In file included from /Library/Frameworks/R.framework/Versions/4.0/Resources/library/RcppEigen/include/Eigen/Jacobi:29:
/Library/Frameworks/R.framework/Versions/4.0/Resources/library/RcppEigen/include/Eigen/src/Core/util/ReenableStupidWarnings.h:10:30: warning: pragma diagnostic pop could not pop, no matching push [-Wunknown-pragmas]
    #pragma clang diagnostic pop
                             ^
In file included from gradients.cpp:3:
In file included from ./include/largeVis.h:7:
In file included from /Library/Frameworks/R.framework/Versions/4.0/Resources/library/RcppEigen/include/RcppEigen.h:25:
In file included from /Library/Frameworks/R.framework/Versions/4.0/Resources/library/RcppEigen/include/RcppEigenForward.h:30:
In file included from /Library/Frameworks/R.framework/Versions/4.0/Resources/library/RcppEigen/include/Eigen/Dense:3:
In file included from /Library/Frameworks/R.framework/Versions/4.0/Resources/library/RcppEigen/include/Eigen/Cholesky:43:
/Library/Frameworks/R.framework/Versions/4.0/Resources/library/RcppEigen/include/Eigen/src/Core/util/ReenableStupidWarnings.h:10:30: warning: pragma diagnostic pop could not pop, no matching push [-Wunknown-pragmas]
    #pragma clang diagnostic pop
                             ^
In file included from gradients.cpp:3:
In file included from ./include/largeVis.h:7:
In file included from /Library/Frameworks/R.framework/Versions/4.0/Resources/library/RcppEigen/include/RcppEigen.h:25:
In file included from /Library/Frameworks/R.framework/Versions/4.0/Resources/library/RcppEigen/include/RcppEigenForward.h:30:
In file included from /Library/Frameworks/R.framework/Versions/4.0/Resources/library/RcppEigen/include/Eigen/Dense:4:
In file included from /Library/Frameworks/R.framework/Versions/4.0/Resources/library/RcppEigen/include/Eigen/QR:17:
In file included from /Library/Frameworks/R.framework/Versions/4.0/Resources/library/RcppEigen/include/Eigen/Householder:27:
/Library/Frameworks/R.framework/Versions/4.0/Resources/library/RcppEigen/include/Eigen/src/Core/util/ReenableStupidWarnings.h:10:30: warning: pragma diagnostic pop could not pop, no matching push [-Wunknown-pragmas]
    #pragma clang diagnostic pop
                             ^
In file included from gradients.cpp:3:
In file included from ./include/largeVis.h:7:
In file included from /Library/Frameworks/R.framework/Versions/4.0/Resources/library/RcppEigen/include/RcppEigen.h:25:
In file included from /Library/Frameworks/R.framework/Versions/4.0/Resources/library/RcppEigen/include/RcppEigenForward.h:30:
In file included from /Library/Frameworks/R.framework/Versions/4.0/Resources/library/RcppEigen/include/Eigen/Dense:5:
In file included from /Library/Frameworks/R.framework/Versions/4.0/Resources/library/RcppEigen/include/Eigen/SVD:48:
/Library/Frameworks/R.framework/Versions/4.0/Resources/library/RcppEigen/include/Eigen/src/Core/util/ReenableStupidWarnings.h:10:30: warning: pragma diagnostic pop could not pop, no matching push [-Wunknown-pragmas]
    #pragma clang diagnostic pop
                             ^
In file included from gradients.cpp:3:
In file included from ./include/largeVis.h:7:
In file included from /Library/Frameworks/R.framework/Versions/4.0/Resources/library/RcppEigen/include/RcppEigen.h:25:
In file included from /Library/Frameworks/R.framework/Versions/4.0/Resources/library/RcppEigen/include/RcppEigenForward.h:30:
In file included from /Library/Frameworks/R.framework/Versions/4.0/Resources/library/RcppEigen/include/Eigen/Dense:6:
In file included from /Library/Frameworks/R.framework/Versions/4.0/Resources/library/RcppEigen/include/Eigen/Geometry:58:
/Library/Frameworks/R.framework/Versions/4.0/Resources/library/RcppEigen/include/Eigen/src/Core/util/ReenableStupidWarnings.h:10:30: warning: pragma diagnostic pop could not pop, no matching push [-Wunknown-pragmas]
    #pragma clang diagnostic pop
                             ^
In file included from gradients.cpp:3:
In file included from ./include/largeVis.h:7:
In file included from /Library/Frameworks/R.framework/Versions/4.0/Resources/library/RcppEigen/include/RcppEigen.h:25:
In file included from /Library/Frameworks/R.framework/Versions/4.0/Resources/library/RcppEigen/include/RcppEigenForward.h:30:
In file included from /Library/Frameworks/R.framework/Versions/4.0/Resources/library/RcppEigen/include/Eigen/Dense:7:
In file included from /Library/Frameworks/R.framework/Versions/4.0/Resources/library/RcppEigen/include/Eigen/Eigenvalues:58:
/Library/Frameworks/R.framework/Versions/4.0/Resources/library/RcppEigen/include/Eigen/src/Core/util/ReenableStupidWarnings.h:10:30: warning: pragma diagnostic pop could not pop, no matching push [-Wunknown-pragmas]
    #pragma clang diagnostic pop
                             ^
In file included from gradients.cpp:3:
In file included from ./include/largeVis.h:7:
In file included from /Library/Frameworks/R.framework/Versions/4.0/Resources/library/RcppEigen/include/RcppEigen.h:25:
In file included from /Library/Frameworks/R.framework/Versions/4.0/Resources/library/RcppEigen/include/RcppEigenForward.h:31:
In file included from /Library/Frameworks/R.framework/Versions/4.0/Resources/library/RcppEigen/include/Eigen/Sparse:26:
In file included from /Library/Frameworks/R.framework/Versions/4.0/Resources/library/RcppEigen/include/Eigen/SparseCore:66:
/Library/Frameworks/R.framework/Versions/4.0/Resources/library/RcppEigen/include/Eigen/src/Core/util/ReenableStupidWarnings.h:10:30: warning: pragma diagnostic pop could not pop, no matching push [-Wunknown-pragmas]
    #pragma clang diagnostic pop
                             ^
In file included from gradients.cpp:3:
In file included from ./include/largeVis.h:7:
In file included from /Library/Frameworks/R.framework/Versions/4.0/Resources/library/RcppEigen/include/RcppEigen.h:25:
In file included from /Library/Frameworks/R.framework/Versions/4.0/Resources/library/RcppEigen/include/RcppEigenForward.h:31:
In file included from /Library/Frameworks/R.framework/Versions/4.0/Resources/library/RcppEigen/include/Eigen/Sparse:27:
In file included from /Library/Frameworks/R.framework/Versions/4.0/Resources/library/RcppEigen/include/Eigen/OrderingMethods:71:
/Library/Frameworks/R.framework/Versions/4.0/Resources/library/RcppEigen/include/Eigen/src/Core/util/ReenableStupidWarnings.h:10:30: warning: pragma diagnostic pop could not pop, no matching push [-Wunknown-pragmas]
    #pragma clang diagnostic pop
                             ^
In file included from gradients.cpp:3:
In file included from ./include/largeVis.h:7:
In file included from /Library/Frameworks/R.framework/Versions/4.0/Resources/library/RcppEigen/include/RcppEigen.h:25:
In file included from /Library/Frameworks/R.framework/Versions/4.0/Resources/library/RcppEigen/include/RcppEigenForward.h:31:
In file included from /Library/Frameworks/R.framework/Versions/4.0/Resources/library/RcppEigen/include/Eigen/Sparse:29:
In file included from /Library/Frameworks/R.framework/Versions/4.0/Resources/library/RcppEigen/include/Eigen/SparseCholesky:43:
/Library/Frameworks/R.framework/Versions/4.0/Resources/library/RcppEigen/include/Eigen/src/Core/util/ReenableStupidWarnings.h:10:30: warning: pragma diagnostic pop could not pop, no matching push [-Wunknown-pragmas]
    #pragma clang diagnostic pop
                             ^
In file included from gradients.cpp:3:
In file included from ./include/largeVis.h:7:
In file included from /Library/Frameworks/R.framework/Versions/4.0/Resources/library/RcppEigen/include/RcppEigen.h:25:
In file included from /Library/Frameworks/R.framework/Versions/4.0/Resources/library/RcppEigen/include/RcppEigenForward.h:31:
In file included from /Library/Frameworks/R.framework/Versions/4.0/Resources/library/RcppEigen/include/Eigen/Sparse:32:
In file included from /Library/Frameworks/R.framework/Versions/4.0/Resources/library/RcppEigen/include/Eigen/SparseQR:35:
/Library/Frameworks/R.framework/Versions/4.0/Resources/library/RcppEigen/include/Eigen/src/Core/util/ReenableStupidWarnings.h:10:30: warning: pragma diagnostic pop could not pop, no matching push [-Wunknown-pragmas]
    #pragma clang diagnostic pop
                             ^
In file included from gradients.cpp:3:
In file included from ./include/largeVis.h:7:
In file included from /Library/Frameworks/R.framework/Versions/4.0/Resources/library/RcppEigen/include/RcppEigen.h:25:
In file included from /Library/Frameworks/R.framework/Versions/4.0/Resources/library/RcppEigen/include/RcppEigenForward.h:31:
In file included from /Library/Frameworks/R.framework/Versions/4.0/Resources/library/RcppEigen/include/Eigen/Sparse:33:
In file included from /Library/Frameworks/R.framework/Versions/4.0/Resources/library/RcppEigen/include/Eigen/IterativeLinearSolvers:46:
/Library/Frameworks/R.framework/Versions/4.0/Resources/library/RcppEigen/include/Eigen/src/Core/util/ReenableStupidWarnings.h:10:30: warning: pragma diagnostic pop could not pop, no matching push [-Wunknown-pragmas]
    #pragma clang diagnostic pop
                             ^
In file included from gradients.cpp:3:
In file included from ./include/largeVis.h:7:
In file included from /Library/Frameworks/R.framework/Versions/4.0/Resources/library/RcppEigen/include/RcppEigen.h:25:
In file included from /Library/Frameworks/R.framework/Versions/4.0/Resources/library/RcppEigen/include/RcppEigenForward.h:32:
In file included from /Library/Frameworks/R.framework/Versions/4.0/Resources/library/RcppEigen/include/Eigen/CholmodSupport:45:
/Library/Frameworks/R.framework/Versions/4.0/Resources/library/RcppEigen/include/Eigen/src/Core/util/ReenableStupidWarnings.h:10:30: warning: pragma diagnostic pop could not pop, no matching push [-Wunknown-pragmas]
    #pragma clang diagnostic pop
                             ^
In file included from gradients.cpp:3:
In file included from ./include/largeVis.h:7:
In file included from /Library/Frameworks/R.framework/Versions/4.0/Resources/library/RcppEigen/include/RcppEigen.h:25:
In file included from /Library/Frameworks/R.framework/Versions/4.0/Resources/library/RcppEigen/include/RcppEigenForward.h:35:
In file included from /Library/Frameworks/R.framework/Versions/4.0/Resources/library/RcppEigen/include/unsupported/Eigen/KroneckerProduct:34:
/Library/Frameworks/R.framework/Versions/4.0/Resources/library/RcppEigen/include/unsupported/Eigen/../../Eigen/src/Core/util/ReenableStupidWarnings.h:10:30: warning: pragma diagnostic pop could not pop, no matching push [-Wunknown-pragmas]
    #pragma clang diagnostic pop
                             ^
In file included from gradients.cpp:3:
In file included from ./include/largeVis.h:7:
In file included from /Library/Frameworks/R.framework/Versions/4.0/Resources/library/RcppEigen/include/RcppEigen.h:25:
In file included from /Library/Frameworks/R.framework/Versions/4.0/Resources/library/RcppEigen/include/RcppEigenForward.h:39:
In file included from /Library/Frameworks/R.framework/Versions/4.0/Resources/library/RcppEigen/include/unsupported/Eigen/Polynomials:135:
/Library/Frameworks/R.framework/Versions/4.0/Resources/library/RcppEigen/include/unsupported/Eigen/../../Eigen/src/Core/util/ReenableStupidWarnings.h:10:30: warning: pragma diagnostic pop could not pop, no matching push [-Wunknown-pragmas]
    #pragma clang diagnostic pop
                             ^
In file included from gradients.cpp:3:
In file included from ./include/largeVis.h:7:
In file included from /Library/Frameworks/R.framework/Versions/4.0/Resources/library/RcppEigen/include/RcppEigen.h:25:
In file included from /Library/Frameworks/R.framework/Versions/4.0/Resources/library/RcppEigen/include/RcppEigenForward.h:40:
In file included from /Library/Frameworks/R.framework/Versions/4.0/Resources/library/RcppEigen/include/unsupported/Eigen/SparseExtra:51:
/Library/Frameworks/R.framework/Versions/4.0/Resources/library/RcppEigen/include/unsupported/Eigen/../../Eigen/src/Core/util/ReenableStupidWarnings.h:10:30: warning: pragma diagnostic pop could not pop, no matching push [-Wunknown-pragmas]
    #pragma clang diagnostic pop
                             ^
17 warnings generated.
/usr/local/opt/llvm/bin/clang++ -fopenmp -std=gnu++11 -I"/Library/Frameworks/R.framework/Resources/include" -DNDEBUG  -I'/Library/Frameworks/R.framework/Versions/4.0/Resources/library/Rcpp/include' -I'/Library/Frameworks/R.framework/Versions/4.0/Resources/library/RcppArmadillo/include' -I'/Library/Frameworks/R.framework/Versions/4.0/Resources/library/RcppProgress/include' -I'/Library/Frameworks/R.framework/Versions/4.0/Resources/library/RcppEigen/include' -I'/Library/Frameworks/R.framework/Versions/4.0/Resources/library/RcppSpdlog/include' -isystem "/usr/local/opt/llvm/include" -isysroot "/Library/Developer/CommandLineTools/SDKs/MacOSX.sdk"  -I"./include"   -fPIC  -Wall -g -O2  -c largeVis.cpp -o largeVis.o
In file included from largeVis.cpp:4:
In file included from ./include/largeVis.h:7:
In file included from /Library/Frameworks/R.framework/Versions/4.0/Resources/library/RcppEigen/include/RcppEigen.h:25:
In file included from /Library/Frameworks/R.framework/Versions/4.0/Resources/library/RcppEigen/include/RcppEigenForward.h:30:
In file included from /Library/Frameworks/R.framework/Versions/4.0/Resources/library/RcppEigen/include/Eigen/Dense:1:
In file included from /Library/Frameworks/R.framework/Versions/4.0/Resources/library/RcppEigen/include/Eigen/Core:535:
/Library/Frameworks/R.framework/Versions/4.0/Resources/library/RcppEigen/include/Eigen/src/Core/util/ReenableStupidWarnings.h:10:30: warning: pragma diagnostic pop could not pop, no matching push [-Wunknown-pragmas]
    #pragma clang diagnostic pop
                             ^
In file included from largeVis.cpp:4:
In file included from ./include/largeVis.h:7:
In file included from /Library/Frameworks/R.framework/Versions/4.0/Resources/library/RcppEigen/include/RcppEigen.h:25:
In file included from /Library/Frameworks/R.framework/Versions/4.0/Resources/library/RcppEigen/include/RcppEigenForward.h:30:
In file included from /Library/Frameworks/R.framework/Versions/4.0/Resources/library/RcppEigen/include/Eigen/Dense:2:
In file included from /Library/Frameworks/R.framework/Versions/4.0/Resources/library/RcppEigen/include/Eigen/LU:47:
/Library/Frameworks/R.framework/Versions/4.0/Resources/library/RcppEigen/include/Eigen/src/Core/util/ReenableStupidWarnings.h:10:30: warning: pragma diagnostic pop could not pop, no matching push [-Wunknown-pragmas]
    #pragma clang diagnostic pop
                             ^
In file included from largeVis.cpp:4:
In file included from ./include/largeVis.h:7:
In file included from /Library/Frameworks/R.framework/Versions/4.0/Resources/library/RcppEigen/include/RcppEigen.h:25:
In file included from /Library/Frameworks/R.framework/Versions/4.0/Resources/library/RcppEigen/include/RcppEigenForward.h:30:
In file included from /Library/Frameworks/R.framework/Versions/4.0/Resources/library/RcppEigen/include/Eigen/Dense:3:
In file included from /Library/Frameworks/R.framework/Versions/4.0/Resources/library/RcppEigen/include/Eigen/Cholesky:12:
In file included from /Library/Frameworks/R.framework/Versions/4.0/Resources/library/RcppEigen/include/Eigen/Jacobi:29:
/Library/Frameworks/R.framework/Versions/4.0/Resources/library/RcppEigen/include/Eigen/src/Core/util/ReenableStupidWarnings.h:10:30: warning: pragma diagnostic pop could not pop, no matching push [-Wunknown-pragmas]
    #pragma clang diagnostic pop
                             ^
In file included from largeVis.cpp:4:
In file included from ./include/largeVis.h:7:
In file included from /Library/Frameworks/R.framework/Versions/4.0/Resources/library/RcppEigen/include/RcppEigen.h:25:
In file included from /Library/Frameworks/R.framework/Versions/4.0/Resources/library/RcppEigen/include/RcppEigenForward.h:30:
In file included from /Library/Frameworks/R.framework/Versions/4.0/Resources/library/RcppEigen/include/Eigen/Dense:3:
In file included from /Library/Frameworks/R.framework/Versions/4.0/Resources/library/RcppEigen/include/Eigen/Cholesky:43:
/Library/Frameworks/R.framework/Versions/4.0/Resources/library/RcppEigen/include/Eigen/src/Core/util/ReenableStupidWarnings.h:10:30: warning: pragma diagnostic pop could not pop, no matching push [-Wunknown-pragmas]
    #pragma clang diagnostic pop
                             ^
In file included from largeVis.cpp:4:
In file included from ./include/largeVis.h:7:
In file included from /Library/Frameworks/R.framework/Versions/4.0/Resources/library/RcppEigen/include/RcppEigen.h:25:
In file included from /Library/Frameworks/R.framework/Versions/4.0/Resources/library/RcppEigen/include/RcppEigenForward.h:30:
In file included from /Library/Frameworks/R.framework/Versions/4.0/Resources/library/RcppEigen/include/Eigen/Dense:4:
In file included from /Library/Frameworks/R.framework/Versions/4.0/Resources/library/RcppEigen/include/Eigen/QR:17:
In file included from /Library/Frameworks/R.framework/Versions/4.0/Resources/library/RcppEigen/include/Eigen/Householder:27:
/Library/Frameworks/R.framework/Versions/4.0/Resources/library/RcppEigen/include/Eigen/src/Core/util/ReenableStupidWarnings.h:10:30: warning: pragma diagnostic pop could not pop, no matching push [-Wunknown-pragmas]
    #pragma clang diagnostic pop
                             ^
In file included from largeVis.cpp:4:
In file included from ./include/largeVis.h:7:
In file included from /Library/Frameworks/R.framework/Versions/4.0/Resources/library/RcppEigen/include/RcppEigen.h:25:
In file included from /Library/Frameworks/R.framework/Versions/4.0/Resources/library/RcppEigen/include/RcppEigenForward.h:30:
In file included from /Library/Frameworks/R.framework/Versions/4.0/Resources/library/RcppEigen/include/Eigen/Dense:5:
In file included from /Library/Frameworks/R.framework/Versions/4.0/Resources/library/RcppEigen/include/Eigen/SVD:48:
/Library/Frameworks/R.framework/Versions/4.0/Resources/library/RcppEigen/include/Eigen/src/Core/util/ReenableStupidWarnings.h:10:30: warning: pragma diagnostic pop could not pop, no matching push [-Wunknown-pragmas]
    #pragma clang diagnostic pop
                             ^
In file included from largeVis.cpp:4:
In file included from ./include/largeVis.h:7:
In file included from /Library/Frameworks/R.framework/Versions/4.0/Resources/library/RcppEigen/include/RcppEigen.h:25:
In file included from /Library/Frameworks/R.framework/Versions/4.0/Resources/library/RcppEigen/include/RcppEigenForward.h:30:
In file included from /Library/Frameworks/R.framework/Versions/4.0/Resources/library/RcppEigen/include/Eigen/Dense:6:
In file included from /Library/Frameworks/R.framework/Versions/4.0/Resources/library/RcppEigen/include/Eigen/Geometry:58:
/Library/Frameworks/R.framework/Versions/4.0/Resources/library/RcppEigen/include/Eigen/src/Core/util/ReenableStupidWarnings.h:10:30: warning: pragma diagnostic pop could not pop, no matching push [-Wunknown-pragmas]
    #pragma clang diagnostic pop
                             ^
In file included from largeVis.cpp:4:
In file included from ./include/largeVis.h:7:
In file included from /Library/Frameworks/R.framework/Versions/4.0/Resources/library/RcppEigen/include/RcppEigen.h:25:
In file included from /Library/Frameworks/R.framework/Versions/4.0/Resources/library/RcppEigen/include/RcppEigenForward.h:30:
In file included from /Library/Frameworks/R.framework/Versions/4.0/Resources/library/RcppEigen/include/Eigen/Dense:7:
In file included from /Library/Frameworks/R.framework/Versions/4.0/Resources/library/RcppEigen/include/Eigen/Eigenvalues:58:
/Library/Frameworks/R.framework/Versions/4.0/Resources/library/RcppEigen/include/Eigen/src/Core/util/ReenableStupidWarnings.h:10:30: warning: pragma diagnostic pop could not pop, no matching push [-Wunknown-pragmas]
    #pragma clang diagnostic pop
                             ^
In file included from largeVis.cpp:4:
In file included from ./include/largeVis.h:7:
In file included from /Library/Frameworks/R.framework/Versions/4.0/Resources/library/RcppEigen/include/RcppEigen.h:25:
In file included from /Library/Frameworks/R.framework/Versions/4.0/Resources/library/RcppEigen/include/RcppEigenForward.h:31:
In file included from /Library/Frameworks/R.framework/Versions/4.0/Resources/library/RcppEigen/include/Eigen/Sparse:26:
In file included from /Library/Frameworks/R.framework/Versions/4.0/Resources/library/RcppEigen/include/Eigen/SparseCore:66:
/Library/Frameworks/R.framework/Versions/4.0/Resources/library/RcppEigen/include/Eigen/src/Core/util/ReenableStupidWarnings.h:10:30: warning: pragma diagnostic pop could not pop, no matching push [-Wunknown-pragmas]
    #pragma clang diagnostic pop
                             ^
In file included from largeVis.cpp:4:
In file included from ./include/largeVis.h:7:
In file included from /Library/Frameworks/R.framework/Versions/4.0/Resources/library/RcppEigen/include/RcppEigen.h:25:
In file included from /Library/Frameworks/R.framework/Versions/4.0/Resources/library/RcppEigen/include/RcppEigenForward.h:31:
In file included from /Library/Frameworks/R.framework/Versions/4.0/Resources/library/RcppEigen/include/Eigen/Sparse:27:
In file included from /Library/Frameworks/R.framework/Versions/4.0/Resources/library/RcppEigen/include/Eigen/OrderingMethods:71:
/Library/Frameworks/R.framework/Versions/4.0/Resources/library/RcppEigen/include/Eigen/src/Core/util/ReenableStupidWarnings.h:10:30: warning: pragma diagnostic pop could not pop, no matching push [-Wunknown-pragmas]
    #pragma clang diagnostic pop
                             ^
In file included from largeVis.cpp:4:
In file included from ./include/largeVis.h:7:
In file included from /Library/Frameworks/R.framework/Versions/4.0/Resources/library/RcppEigen/include/RcppEigen.h:25:
In file included from /Library/Frameworks/R.framework/Versions/4.0/Resources/library/RcppEigen/include/RcppEigenForward.h:31:
In file included from /Library/Frameworks/R.framework/Versions/4.0/Resources/library/RcppEigen/include/Eigen/Sparse:29:
In file included from /Library/Frameworks/R.framework/Versions/4.0/Resources/library/RcppEigen/include/Eigen/SparseCholesky:43:
/Library/Frameworks/R.framework/Versions/4.0/Resources/library/RcppEigen/include/Eigen/src/Core/util/ReenableStupidWarnings.h:10:30: warning: pragma diagnostic pop could not pop, no matching push [-Wunknown-pragmas]
    #pragma clang diagnostic pop
                             ^
In file included from largeVis.cpp:4:
In file included from ./include/largeVis.h:7:
In file included from /Library/Frameworks/R.framework/Versions/4.0/Resources/library/RcppEigen/include/RcppEigen.h:25:
In file included from /Library/Frameworks/R.framework/Versions/4.0/Resources/library/RcppEigen/include/RcppEigenForward.h:31:
In file included from /Library/Frameworks/R.framework/Versions/4.0/Resources/library/RcppEigen/include/Eigen/Sparse:32:
In file included from /Library/Frameworks/R.framework/Versions/4.0/Resources/library/RcppEigen/include/Eigen/SparseQR:35:
/Library/Frameworks/R.framework/Versions/4.0/Resources/library/RcppEigen/include/Eigen/src/Core/util/ReenableStupidWarnings.h:10:30: warning: pragma diagnostic pop could not pop, no matching push [-Wunknown-pragmas]
    #pragma clang diagnostic pop
                             ^
In file included from largeVis.cpp:4:
In file included from ./include/largeVis.h:7:
In file included from /Library/Frameworks/R.framework/Versions/4.0/Resources/library/RcppEigen/include/RcppEigen.h:25:
In file included from /Library/Frameworks/R.framework/Versions/4.0/Resources/library/RcppEigen/include/RcppEigenForward.h:31:
In file included from /Library/Frameworks/R.framework/Versions/4.0/Resources/library/RcppEigen/include/Eigen/Sparse:33:
In file included from /Library/Frameworks/R.framework/Versions/4.0/Resources/library/RcppEigen/include/Eigen/IterativeLinearSolvers:46:
/Library/Frameworks/R.framework/Versions/4.0/Resources/library/RcppEigen/include/Eigen/src/Core/util/ReenableStupidWarnings.h:10:30: warning: pragma diagnostic pop could not pop, no matching push [-Wunknown-pragmas]
    #pragma clang diagnostic pop
                             ^
In file included from largeVis.cpp:4:
In file included from ./include/largeVis.h:7:
In file included from /Library/Frameworks/R.framework/Versions/4.0/Resources/library/RcppEigen/include/RcppEigen.h:25:
In file included from /Library/Frameworks/R.framework/Versions/4.0/Resources/library/RcppEigen/include/RcppEigenForward.h:32:
In file included from /Library/Frameworks/R.framework/Versions/4.0/Resources/library/RcppEigen/include/Eigen/CholmodSupport:45:
/Library/Frameworks/R.framework/Versions/4.0/Resources/library/RcppEigen/include/Eigen/src/Core/util/ReenableStupidWarnings.h:10:30: warning: pragma diagnostic pop could not pop, no matching push [-Wunknown-pragmas]
    #pragma clang diagnostic pop
                             ^
In file included from largeVis.cpp:4:
In file included from ./include/largeVis.h:7:
In file included from /Library/Frameworks/R.framework/Versions/4.0/Resources/library/RcppEigen/include/RcppEigen.h:25:
In file included from /Library/Frameworks/R.framework/Versions/4.0/Resources/library/RcppEigen/include/RcppEigenForward.h:35:
In file included from /Library/Frameworks/R.framework/Versions/4.0/Resources/library/RcppEigen/include/unsupported/Eigen/KroneckerProduct:34:
/Library/Frameworks/R.framework/Versions/4.0/Resources/library/RcppEigen/include/unsupported/Eigen/../../Eigen/src/Core/util/ReenableStupidWarnings.h:10:30: warning: pragma diagnostic pop could not pop, no matching push [-Wunknown-pragmas]
    #pragma clang diagnostic pop
                             ^
In file included from largeVis.cpp:4:
In file included from ./include/largeVis.h:7:
In file included from /Library/Frameworks/R.framework/Versions/4.0/Resources/library/RcppEigen/include/RcppEigen.h:25:
In file included from /Library/Frameworks/R.framework/Versions/4.0/Resources/library/RcppEigen/include/RcppEigenForward.h:39:
In file included from /Library/Frameworks/R.framework/Versions/4.0/Resources/library/RcppEigen/include/unsupported/Eigen/Polynomials:135:
/Library/Frameworks/R.framework/Versions/4.0/Resources/library/RcppEigen/include/unsupported/Eigen/../../Eigen/src/Core/util/ReenableStupidWarnings.h:10:30: warning: pragma diagnostic pop could not pop, no matching push [-Wunknown-pragmas]
    #pragma clang diagnostic pop
                             ^
In file included from largeVis.cpp:4:
In file included from ./include/largeVis.h:7:
In file included from /Library/Frameworks/R.framework/Versions/4.0/Resources/library/RcppEigen/include/RcppEigen.h:25:
In file included from /Library/Frameworks/R.framework/Versions/4.0/Resources/library/RcppEigen/include/RcppEigenForward.h:40:
In file included from /Library/Frameworks/R.framework/Versions/4.0/Resources/library/RcppEigen/include/unsupported/Eigen/SparseExtra:51:
/Library/Frameworks/R.framework/Versions/4.0/Resources/library/RcppEigen/include/unsupported/Eigen/../../Eigen/src/Core/util/ReenableStupidWarnings.h:10:30: warning: pragma diagnostic pop could not pop, no matching push [-Wunknown-pragmas]
    #pragma clang diagnostic pop
                             ^
17 warnings generated.
/usr/local/opt/llvm/bin/clang++ -fopenmp -std=gnu++11 -I"/Library/Frameworks/R.framework/Resources/include" -DNDEBUG  -I'/Library/Frameworks/R.framework/Versions/4.0/Resources/library/Rcpp/include' -I'/Library/Frameworks/R.framework/Versions/4.0/Resources/library/RcppArmadillo/include' -I'/Library/Frameworks/R.framework/Versions/4.0/Resources/library/RcppProgress/include' -I'/Library/Frameworks/R.framework/Versions/4.0/Resources/library/RcppEigen/include' -I'/Library/Frameworks/R.framework/Versions/4.0/Resources/library/RcppSpdlog/include' -isystem "/usr/local/opt/llvm/include" -isysroot "/Library/Developer/CommandLineTools/SDKs/MacOSX.sdk"  -I"./include"   -fPIC  -Wall -g -O2  -c misc2.cpp -o misc2.o
misc2.cpp:90:14: warning: explicitly assigning value of variable of type 'arma::colvec' (aka 'Col<double>') to itself [-Wself-assign-overloaded]
    ly-=m; ly%=ly; 
           ~~^ ~~
1 warning generated.
/usr/local/opt/llvm/bin/clang++ -fopenmp -std=gnu++11 -I"/Library/Frameworks/R.framework/Resources/include" -DNDEBUG  -I'/Library/Frameworks/R.framework/Versions/4.0/Resources/library/Rcpp/include' -I'/Library/Frameworks/R.framework/Versions/4.0/Resources/library/RcppArmadillo/include' -I'/Library/Frameworks/R.framework/Versions/4.0/Resources/library/RcppProgress/include' -I'/Library/Frameworks/R.framework/Versions/4.0/Resources/library/RcppEigen/include' -I'/Library/Frameworks/R.framework/Versions/4.0/Resources/library/RcppSpdlog/include' -isystem "/usr/local/opt/llvm/include" -isysroot "/Library/Developer/CommandLineTools/SDKs/MacOSX.sdk"  -I"./include"   -fPIC  -Wall -g -O2  -c pagoda1_liftover.cpp -o pagoda1_liftover.o
pagoda1_liftover.cpp:29:9: warning: explicitly assigning value of variable of type 'arma::colvec' (aka 'Col<double>') to itself [-Wself-assign-overloaded]
      ic%=ic; jc%=jc;
      ~~^ ~~
pagoda1_liftover.cpp:29:17: warning: explicitly assigning value of variable of type 'arma::colvec' (aka 'Col<double>') to itself [-Wself-assign-overloaded]
      ic%=ic; jc%=jc;
              ~~^ ~~
2 warnings generated.
/usr/local/opt/llvm/bin/clang++ -fopenmp -std=gnu++11 -I"/Library/Frameworks/R.framework/Resources/include" -DNDEBUG  -I'/Library/Frameworks/R.framework/Versions/4.0/Resources/library/Rcpp/include' -I'/Library/Frameworks/R.framework/Versions/4.0/Resources/library/RcppArmadillo/include' -I'/Library/Frameworks/R.framework/Versions/4.0/Resources/library/RcppProgress/include' -I'/Library/Frameworks/R.framework/Versions/4.0/Resources/library/RcppEigen/include' -I'/Library/Frameworks/R.framework/Versions/4.0/Resources/library/RcppSpdlog/include' -isystem "/usr/local/opt/llvm/include" -isysroot "/Library/Developer/CommandLineTools/SDKs/MacOSX.sdk"  -I"./include"   -fPIC  -Wall -g -O2  -c rank.cpp -o rank.o
/usr/local/opt/llvm/bin/clang++ -fopenmp -std=gnu++11 -dynamiclib -Wl,-headerpad_max_install_names -undefined dynamic_lookup -single_module -multiply_defined suppress -L/Library/Frameworks/R.framework/Resources/lib -L/usr/local/opt/llvm/lib -L/usr/local/opt/gettext/lib --sysroot=/Library/Developer/CommandLineTools/SDKs/MacOSX.sdk -o pagoda2.so RcppExports.o binaryExport.o checkfunctions.o edgeweights.o gradients.o largeVis.o misc2.o pagoda1_liftover.o rank.o -L/usr/lib/ -L. -lpthread -lstdc++ -lm -L/Library/Frameworks/R.framework/Resources/lib -lRlapack -L/Library/Frameworks/R.framework/Resources/lib -lRblas -L/usr/local/opt/gcc/lib/gcc/9/ -lm -F/Library/Frameworks/R.framework/.. -framework R -Wl,-framework -Wl,CoreFoundation
ld: warning: directory not found for option '-L/usr/local/opt/gcc/lib/gcc/9/'
installing to /Users/evanbiederstedt/pagoda2/pagoda2.Rcheck/00LOCK-pagoda2/00new/pagoda2/libs
** R
** inst
** byte-compile and prepare package for lazy loading
** help
*** installing help indices
** building package indices
** installing vignettes
** testing if installed package can be loaded from temporary location
** checking absolute paths in shared objects and dynamic libraries
** testing if installed package can be loaded from final location
** testing if installed package keeps a record of temporary installation path
* DONE (pagoda2)
